{"/home/jigs/work/open-source/global-relay-id-mongoose/src/index.ts": {"path":"/home/jigs/work/open-source/global-relay-id-mongoose/src/index.ts","all":false,"statementMap":{"0":{"start":{"line":1,"column":0},"end":{"line":1,"column":48}},"1":{"start":{"line":2,"column":0},"end":{"line":2,"column":36}},"2":{"start":{"line":3,"column":0},"end":{"line":3,"column":0}},"3":{"start":{"line":4,"column":0},"end":{"line":4,"column":44}},"4":{"start":{"line":5,"column":0},"end":{"line":5,"column":38}},"5":{"start":{"line":6,"column":0},"end":{"line":6,"column":44}},"6":{"start":{"line":7,"column":0},"end":{"line":7,"column":47}},"7":{"start":{"line":8,"column":0},"end":{"line":8,"column":22}},"8":{"start":{"line":9,"column":0},"end":{"line":9,"column":22}},"9":{"start":{"line":10,"column":0},"end":{"line":10,"column":2}},"10":{"start":{"line":11,"column":0},"end":{"line":11,"column":53}},"11":{"start":{"line":12,"column":0},"end":{"line":12,"column":11}},"12":{"start":{"line":13,"column":0},"end":{"line":13,"column":57}},"13":{"start":{"line":14,"column":0},"end":{"line":14,"column":1}},"14":{"start":{"line":15,"column":0},"end":{"line":15,"column":0}},"15":{"start":{"line":16,"column":0},"end":{"line":16,"column":30}},"16":{"start":{"line":17,"column":0},"end":{"line":17,"column":17}},"17":{"start":{"line":18,"column":0},"end":{"line":18,"column":0}},"18":{"start":{"line":19,"column":0},"end":{"line":19,"column":67}},"19":{"start":{"line":20,"column":0},"end":{"line":20,"column":6}},"20":{"start":{"line":21,"column":0},"end":{"line":21,"column":6}},"21":{"start":{"line":22,"column":0},"end":{"line":22,"column":6}},"22":{"start":{"line":23,"column":0},"end":{"line":23,"column":6}},"23":{"start":{"line":24,"column":0},"end":{"line":24,"column":9}},"24":{"start":{"line":25,"column":0},"end":{"line":25,"column":1}},"25":{"start":{"line":26,"column":0},"end":{"line":26,"column":5}},"26":{"start":{"line":27,"column":0},"end":{"line":27,"column":10}},"27":{"start":{"line":28,"column":0},"end":{"line":28,"column":0}},"28":{"start":{"line":29,"column":0},"end":{"line":29,"column":54}},"29":{"start":{"line":30,"column":0},"end":{"line":30,"column":22}},"30":{"start":{"line":31,"column":0},"end":{"line":31,"column":21}},"31":{"start":{"line":32,"column":0},"end":{"line":32,"column":36}},"32":{"start":{"line":33,"column":0},"end":{"line":33,"column":56}},"33":{"start":{"line":34,"column":0},"end":{"line":34,"column":11}},"34":{"start":{"line":35,"column":0},"end":{"line":35,"column":21}},"35":{"start":{"line":36,"column":0},"end":{"line":36,"column":8}},"36":{"start":{"line":37,"column":0},"end":{"line":37,"column":49}},"37":{"start":{"line":38,"column":0},"end":{"line":38,"column":8}},"38":{"start":{"line":39,"column":0},"end":{"line":39,"column":52}},"39":{"start":{"line":40,"column":0},"end":{"line":40,"column":49}},"40":{"start":{"line":41,"column":0},"end":{"line":41,"column":0}},"41":{"start":{"line":42,"column":0},"end":{"line":42,"column":48}},"42":{"start":{"line":43,"column":0},"end":{"line":43,"column":32}},"43":{"start":{"line":44,"column":0},"end":{"line":44,"column":3}},"44":{"start":{"line":45,"column":0},"end":{"line":45,"column":90}},"45":{"start":{"line":46,"column":0},"end":{"line":46,"column":29}},"46":{"start":{"line":47,"column":0},"end":{"line":47,"column":1}},"47":{"start":{"line":48,"column":0},"end":{"line":48,"column":0}},"48":{"start":{"line":49,"column":0},"end":{"line":49,"column":73}},"49":{"start":{"line":50,"column":0},"end":{"line":50,"column":67}},"50":{"start":{"line":51,"column":0},"end":{"line":51,"column":27}},"51":{"start":{"line":52,"column":0},"end":{"line":52,"column":72}},"52":{"start":{"line":53,"column":0},"end":{"line":53,"column":20}},"53":{"start":{"line":54,"column":0},"end":{"line":54,"column":60}},"54":{"start":{"line":55,"column":0},"end":{"line":55,"column":15}},"55":{"start":{"line":56,"column":0},"end":{"line":56,"column":51}},"56":{"start":{"line":57,"column":0},"end":{"line":57,"column":1}},"57":{"start":{"line":58,"column":0},"end":{"line":58,"column":66}},"58":{"start":{"line":59,"column":0},"end":{"line":59,"column":29}},"59":{"start":{"line":60,"column":0},"end":{"line":60,"column":2}},"60":{"start":{"line":61,"column":0},"end":{"line":61,"column":57}},"61":{"start":{"line":62,"column":0},"end":{"line":62,"column":11}},"62":{"start":{"line":63,"column":0},"end":{"line":63,"column":33}},"63":{"start":{"line":64,"column":0},"end":{"line":64,"column":30}},"64":{"start":{"line":65,"column":0},"end":{"line":65,"column":41}},"65":{"start":{"line":66,"column":0},"end":{"line":66,"column":79}},"66":{"start":{"line":67,"column":0},"end":{"line":67,"column":25}},"67":{"start":{"line":68,"column":0},"end":{"line":68,"column":56}},"68":{"start":{"line":69,"column":0},"end":{"line":69,"column":76}},"69":{"start":{"line":70,"column":0},"end":{"line":70,"column":45}},"70":{"start":{"line":71,"column":0},"end":{"line":71,"column":30}},"71":{"start":{"line":72,"column":0},"end":{"line":72,"column":50}},"72":{"start":{"line":73,"column":0},"end":{"line":73,"column":6}},"73":{"start":{"line":74,"column":0},"end":{"line":74,"column":4}},"74":{"start":{"line":75,"column":0},"end":{"line":75,"column":34}},"75":{"start":{"line":76,"column":0},"end":{"line":76,"column":34}},"76":{"start":{"line":77,"column":0},"end":{"line":77,"column":5}},"77":{"start":{"line":78,"column":0},"end":{"line":78,"column":1}},"78":{"start":{"line":79,"column":0},"end":{"line":79,"column":0}},"79":{"start":{"line":80,"column":0},"end":{"line":80,"column":88}},"80":{"start":{"line":81,"column":0},"end":{"line":81,"column":24}},"81":{"start":{"line":82,"column":0},"end":{"line":82,"column":3}},"82":{"start":{"line":83,"column":0},"end":{"line":83,"column":51}},"83":{"start":{"line":84,"column":0},"end":{"line":84,"column":31}},"84":{"start":{"line":85,"column":0},"end":{"line":85,"column":2}},"85":{"start":{"line":86,"column":0},"end":{"line":86,"column":14}},"86":{"start":{"line":87,"column":0},"end":{"line":87,"column":51}},"87":{"start":{"line":88,"column":0},"end":{"line":88,"column":30}},"88":{"start":{"line":89,"column":0},"end":{"line":89,"column":26}},"89":{"start":{"line":90,"column":0},"end":{"line":90,"column":27}},"90":{"start":{"line":91,"column":0},"end":{"line":91,"column":80}},"91":{"start":{"line":92,"column":0},"end":{"line":92,"column":41}},"92":{"start":{"line":93,"column":0},"end":{"line":93,"column":9}},"93":{"start":{"line":94,"column":0},"end":{"line":94,"column":45}},"94":{"start":{"line":95,"column":0},"end":{"line":95,"column":9}},"95":{"start":{"line":96,"column":0},"end":{"line":96,"column":8}},"96":{"start":{"line":97,"column":0},"end":{"line":97,"column":14}},"97":{"start":{"line":98,"column":0},"end":{"line":98,"column":24}},"98":{"start":{"line":99,"column":0},"end":{"line":99,"column":9}},"99":{"start":{"line":100,"column":0},"end":{"line":100,"column":16}},"100":{"start":{"line":101,"column":0},"end":{"line":101,"column":21}},"101":{"start":{"line":102,"column":0},"end":{"line":102,"column":10}},"102":{"start":{"line":103,"column":0},"end":{"line":103,"column":8}},"103":{"start":{"line":104,"column":0},"end":{"line":104,"column":6}},"104":{"start":{"line":105,"column":0},"end":{"line":105,"column":4}},"105":{"start":{"line":106,"column":0},"end":{"line":106,"column":0}},"106":{"start":{"line":107,"column":0},"end":{"line":107,"column":10}},"107":{"start":{"line":108,"column":0},"end":{"line":108,"column":22}},"108":{"start":{"line":109,"column":0},"end":{"line":109,"column":55}},"109":{"start":{"line":110,"column":0},"end":{"line":110,"column":6}},"110":{"start":{"line":111,"column":0},"end":{"line":111,"column":14}},"111":{"start":{"line":112,"column":0},"end":{"line":112,"column":14}},"112":{"start":{"line":113,"column":0},"end":{"line":113,"column":56}},"113":{"start":{"line":114,"column":0},"end":{"line":114,"column":27}},"114":{"start":{"line":115,"column":0},"end":{"line":115,"column":22}},"115":{"start":{"line":116,"column":0},"end":{"line":116,"column":9}},"116":{"start":{"line":117,"column":0},"end":{"line":117,"column":8}},"117":{"start":{"line":118,"column":0},"end":{"line":118,"column":6}},"118":{"start":{"line":119,"column":0},"end":{"line":119,"column":13}},"119":{"start":{"line":120,"column":0},"end":{"line":120,"column":49}},"120":{"start":{"line":121,"column":0},"end":{"line":121,"column":28}},"121":{"start":{"line":122,"column":0},"end":{"line":122,"column":37}},"122":{"start":{"line":123,"column":0},"end":{"line":123,"column":6}},"123":{"start":{"line":124,"column":0},"end":{"line":124,"column":20}},"124":{"start":{"line":125,"column":0},"end":{"line":125,"column":63}},"125":{"start":{"line":126,"column":0},"end":{"line":126,"column":49}},"126":{"start":{"line":127,"column":0},"end":{"line":127,"column":37}},"127":{"start":{"line":128,"column":0},"end":{"line":128,"column":14}},"128":{"start":{"line":129,"column":0},"end":{"line":129,"column":59}},"129":{"start":{"line":130,"column":0},"end":{"line":130,"column":64}},"130":{"start":{"line":131,"column":0},"end":{"line":131,"column":12}},"131":{"start":{"line":132,"column":0},"end":{"line":132,"column":8}},"132":{"start":{"line":133,"column":0},"end":{"line":133,"column":6}},"133":{"start":{"line":134,"column":0},"end":{"line":134,"column":4}},"134":{"start":{"line":135,"column":0},"end":{"line":135,"column":1}}},"s":{"0":1,"1":1,"2":1,"3":1,"4":1,"5":1,"6":1,"7":1,"8":1,"9":1,"10":1,"11":1,"12":1,"13":1,"14":1,"15":1,"16":1,"17":1,"18":1,"19":1,"20":1,"21":1,"22":1,"23":1,"24":1,"25":1,"26":1,"27":1,"28":1,"29":1,"30":1,"31":1,"32":1,"33":1,"34":1,"35":1,"36":1,"37":1,"38":1,"39":1,"40":1,"41":1,"42":1,"43":1,"44":1,"45":1,"46":1,"47":1,"48":1,"49":1,"50":1,"51":1,"52":1,"53":1,"54":1,"55":1,"56":1,"57":1,"58":1,"59":1,"60":3,"61":3,"62":3,"63":3,"64":3,"65":3,"66":3,"67":3,"68":3,"69":3,"70":3,"71":1,"72":3,"73":3,"74":3,"75":3,"76":3,"77":3,"78":1,"79":1,"80":1,"81":1,"82":1,"83":8,"84":8,"85":8,"86":8,"87":8,"88":8,"89":8,"90":8,"91":8,"92":8,"93":8,"94":8,"95":8,"96":8,"97":8,"98":8,"99":8,"100":8,"101":8,"102":8,"103":8,"104":8,"105":8,"106":8,"107":8,"108":5,"109":8,"110":8,"111":2,"112":2,"113":1,"114":1,"115":1,"116":2,"117":8,"118":8,"119":2,"120":2,"121":1,"122":8,"123":8,"124":5,"125":5,"126":5,"127":4,"128":5,"129":5,"130":2,"131":5,"132":5,"133":8,"134":8},"branchMap":{"0":{"type":"branch","line":4,"loc":{"start":{"line":4,"column":29},"end":{"line":5,"column":37}},"locations":[{"start":{"line":4,"column":29},"end":{"line":5,"column":37}}]},"1":{"type":"branch","line":6,"loc":{"start":{"line":6,"column":29},"end":{"line":7,"column":46}},"locations":[{"start":{"line":6,"column":29},"end":{"line":7,"column":46}}]},"2":{"type":"branch","line":61,"loc":{"start":{"line":61,"column":0},"end":{"line":78,"column":1}},"locations":[{"start":{"line":61,"column":0},"end":{"line":78,"column":1}}]},"3":{"type":"branch","line":66,"loc":{"start":{"line":66,"column":30},"end":{"line":66,"column":77}},"locations":[{"start":{"line":66,"column":30},"end":{"line":66,"column":77}}]},"4":{"type":"branch","line":69,"loc":{"start":{"line":69,"column":46},"end":{"line":69,"column":74}},"locations":[{"start":{"line":69,"column":46},"end":{"line":69,"column":74}}]},"5":{"type":"branch","line":71,"loc":{"start":{"line":71,"column":18},"end":{"line":73,"column":5}},"locations":[{"start":{"line":71,"column":18},"end":{"line":73,"column":5}}]},"6":{"type":"branch","line":75,"loc":{"start":{"line":75,"column":25},"end":{"line":77,"column":3}},"locations":[{"start":{"line":75,"column":25},"end":{"line":77,"column":3}}]},"7":{"type":"branch","line":83,"loc":{"start":{"line":83,"column":15},"end":{"line":135,"column":1}},"locations":[{"start":{"line":83,"column":15},"end":{"line":135,"column":1}}]},"8":{"type":"branch","line":90,"loc":{"start":{"line":90,"column":16},"end":{"line":104,"column":5}},"locations":[{"start":{"line":90,"column":16},"end":{"line":104,"column":5}}]},"9":{"type":"branch","line":92,"loc":{"start":{"line":92,"column":9},"end":{"line":92,"column":40}},"locations":[{"start":{"line":92,"column":9},"end":{"line":92,"column":40}}]},"10":{"type":"branch","line":94,"loc":{"start":{"line":94,"column":23},"end":{"line":94,"column":45}},"locations":[{"start":{"line":94,"column":23},"end":{"line":94,"column":45}}]},"11":{"type":"branch","line":108,"loc":{"start":{"line":108,"column":4},"end":{"line":110,"column":5}},"locations":[{"start":{"line":108,"column":4},"end":{"line":110,"column":5}}]},"12":{"type":"branch","line":111,"loc":{"start":{"line":111,"column":4},"end":{"line":118,"column":5}},"locations":[{"start":{"line":111,"column":4},"end":{"line":118,"column":5}}]},"13":{"type":"branch","line":113,"loc":{"start":{"line":113,"column":51},"end":{"line":116,"column":9}},"locations":[{"start":{"line":113,"column":51},"end":{"line":116,"column":9}}]},"14":{"type":"branch","line":119,"loc":{"start":{"line":119,"column":4},"end":{"line":123,"column":5}},"locations":[{"start":{"line":119,"column":4},"end":{"line":123,"column":5}}]},"15":{"type":"branch","line":121,"loc":{"start":{"line":121,"column":16},"end":{"line":123,"column":5}},"locations":[{"start":{"line":121,"column":16},"end":{"line":123,"column":5}}]},"16":{"type":"branch","line":124,"loc":{"start":{"line":124,"column":4},"end":{"line":133,"column":6}},"locations":[{"start":{"line":124,"column":4},"end":{"line":133,"column":6}}]},"17":{"type":"branch","line":127,"loc":{"start":{"line":127,"column":15},"end":{"line":127,"column":23}},"locations":[{"start":{"line":127,"column":15},"end":{"line":127,"column":23}}]},"18":{"type":"branch","line":127,"loc":{"start":{"line":127,"column":25},"end":{"line":127,"column":37}},"locations":[{"start":{"line":127,"column":25},"end":{"line":127,"column":37}}]},"19":{"type":"branch","line":127,"loc":{"start":{"line":127,"column":36},"end":{"line":129,"column":22}},"locations":[{"start":{"line":127,"column":36},"end":{"line":129,"column":22}}]},"20":{"type":"branch","line":129,"loc":{"start":{"line":129,"column":22},"end":{"line":129,"column":55}},"locations":[{"start":{"line":129,"column":22},"end":{"line":129,"column":55}}]},"21":{"type":"branch","line":129,"loc":{"start":{"line":129,"column":55},"end":{"line":129,"column":59}},"locations":[{"start":{"line":129,"column":55},"end":{"line":129,"column":59}}]},"22":{"type":"branch","line":129,"loc":{"start":{"line":129,"column":55},"end":{"line":130,"column":61}},"locations":[{"start":{"line":129,"column":55},"end":{"line":130,"column":61}}]},"23":{"type":"branch","line":130,"loc":{"start":{"line":130,"column":61},"end":{"line":131,"column":12}},"locations":[{"start":{"line":130,"column":61},"end":{"line":131,"column":12}}]}},"b":{"0":[5],"1":[14],"2":[3],"3":[3],"4":[3],"5":[1],"6":[3],"7":[8],"8":[8],"9":[3],"10":[3],"11":[5],"12":[2],"13":[1],"14":[2],"15":[1],"16":[5],"17":[4],"18":[1],"19":[4],"20":[3],"21":[4],"22":[3],"23":[2]},"fnMap":{"0":{"name":"encodeBase64","decl":{"start":{"line":4,"column":29},"end":{"line":5,"column":37}},"loc":{"start":{"line":4,"column":29},"end":{"line":5,"column":37}},"line":4},"1":{"name":"decodeBase64","decl":{"start":{"line":6,"column":29},"end":{"line":7,"column":46}},"loc":{"start":{"line":6,"column":29},"end":{"line":7,"column":46}},"line":6},"2":{"name":"nodeBatch","decl":{"start":{"line":61,"column":0},"end":{"line":78,"column":1}},"loc":{"start":{"line":61,"column":0},"end":{"line":78,"column":1}},"line":61},"3":{"name":"getGlobalIDMongooseContext","decl":{"start":{"line":83,"column":15},"end":{"line":135,"column":1}},"loc":{"start":{"line":83,"column":15},"end":{"line":135,"column":1}},"line":83},"4":{"name":"cacheKeyFn","decl":{"start":{"line":94,"column":23},"end":{"line":94,"column":45}},"loc":{"start":{"line":94,"column":23},"end":{"line":94,"column":45}},"line":94},"5":{"name":"toID","decl":{"start":{"line":108,"column":4},"end":{"line":110,"column":5}},"loc":{"start":{"line":108,"column":4},"end":{"line":110,"column":5}},"line":108},"6":{"name":"data","decl":{"start":{"line":111,"column":4},"end":{"line":118,"column":5}},"loc":{"start":{"line":111,"column":4},"end":{"line":118,"column":5}},"line":111},"7":{"name":"_id","decl":{"start":{"line":119,"column":4},"end":{"line":123,"column":5}},"loc":{"start":{"line":119,"column":4},"end":{"line":123,"column":5}},"line":119},"8":{"name":"node","decl":{"start":{"line":124,"column":4},"end":{"line":133,"column":6}},"loc":{"start":{"line":124,"column":4},"end":{"line":133,"column":6}},"line":124}},"f":{"0":5,"1":14,"2":3,"3":8,"4":3,"5":5,"6":2,"7":2,"8":5}}
}
