TN:
SF:src/index.ts
FN:4,encodeBase64
FN:6,decodeBase64
FN:61,nodeBatch
FN:83,getGlobalIDMongooseContext
FN:94,cacheKeyFn
FN:108,toID
FN:111,data
FN:119,_id
FN:124,node
FNF:9
FNH:9
FNDA:5,encodeBase64
FNDA:14,decodeBase64
FNDA:3,nodeBatch
FNDA:8,getGlobalIDMongooseContext
FNDA:3,cacheKeyFn
FNDA:5,toID
FNDA:2,data
FNDA:2,_id
FNDA:5,node
DA:1,1
DA:2,1
DA:3,1
DA:4,1
DA:5,1
DA:6,1
DA:7,1
DA:8,1
DA:9,1
DA:10,1
DA:11,1
DA:12,1
DA:13,1
DA:14,1
DA:15,1
DA:16,1
DA:17,1
DA:18,1
DA:19,1
DA:20,1
DA:21,1
DA:22,1
DA:23,1
DA:24,1
DA:25,1
DA:26,1
DA:27,1
DA:28,1
DA:29,1
DA:30,1
DA:31,1
DA:32,1
DA:33,1
DA:34,1
DA:35,1
DA:36,1
DA:37,1
DA:38,1
DA:39,1
DA:40,1
DA:41,1
DA:42,1
DA:43,1
DA:44,1
DA:45,1
DA:46,1
DA:47,1
DA:48,1
DA:49,1
DA:50,1
DA:51,1
DA:52,1
DA:53,1
DA:54,1
DA:55,1
DA:56,1
DA:57,1
DA:58,1
DA:59,1
DA:60,1
DA:61,3
DA:62,3
DA:63,3
DA:64,3
DA:65,3
DA:66,3
DA:67,3
DA:68,3
DA:69,3
DA:70,3
DA:71,3
DA:72,1
DA:73,3
DA:74,3
DA:75,3
DA:76,3
DA:77,3
DA:78,3
DA:79,1
DA:80,1
DA:81,1
DA:82,1
DA:83,1
DA:84,8
DA:85,8
DA:86,8
DA:87,8
DA:88,8
DA:89,8
DA:90,8
DA:91,8
DA:92,8
DA:93,8
DA:94,8
DA:95,8
DA:96,8
DA:97,8
DA:98,8
DA:99,8
DA:100,8
DA:101,8
DA:102,8
DA:103,8
DA:104,8
DA:105,8
DA:106,8
DA:107,8
DA:108,8
DA:109,5
DA:110,8
DA:111,8
DA:112,2
DA:113,2
DA:114,1
DA:115,1
DA:116,1
DA:117,2
DA:118,8
DA:119,8
DA:120,2
DA:121,2
DA:122,1
DA:123,8
DA:124,8
DA:125,5
DA:126,5
DA:127,5
DA:128,4
DA:129,5
DA:130,5
DA:131,2
DA:132,5
DA:133,5
DA:134,8
DA:135,8
LF:135
LH:135
BRDA:4,0,0,5
BRDA:6,1,0,14
BRDA:61,2,0,3
BRDA:66,3,0,3
BRDA:69,4,0,3
BRDA:71,5,0,1
BRDA:75,6,0,3
BRDA:83,7,0,8
BRDA:90,8,0,8
BRDA:92,9,0,3
BRDA:94,10,0,3
BRDA:108,11,0,5
BRDA:111,12,0,2
BRDA:113,13,0,1
BRDA:119,14,0,2
BRDA:121,15,0,1
BRDA:124,16,0,5
BRDA:127,17,0,4
BRDA:127,18,0,1
BRDA:127,19,0,4
BRDA:129,20,0,3
BRDA:129,21,0,4
BRDA:129,22,0,3
BRDA:130,23,0,2
BRF:24
BRH:24
end_of_record
